Using pre-set license
Built from '2020.3/staging' branch; Version is '2020.3.23f1 (c5d91304a876) revision 12966163'; Using compiler version '192528614'; Build Type 'Release'
OS: 'Windows 10 Home; OS build 19044.1566; Version 2009; 64bit' Language: 'en' Physical Memory: 32529 MB
BatchMode: 1, IsHumanControllingUs: 0, StartBugReporterOnCrash: 0, Is64bit: 1, IsPro: 0

COMMAND LINE ARGUMENTS:
C:\Program Files\Unity\Hub\Editor\2020.3.23f1\Editor\Unity.exe
-adb2
-batchMode
-noUpm
-name
AssetImportWorker0
-projectPath
C:/Universe-Unity-Projects/University/Lite
-logFile
Logs/AssetImportWorker0.log
-srvPort
56366
Successfully changed project path to: C:/Universe-Unity-Projects/University/Lite
C:/Universe-Unity-Projects/University/Lite
Using Asset Import Pipeline V2.
Refreshing native plugins compatible for Editor in 66.44 ms, found 9 plugins.
Preloading 5 native plugins for Editor in 4.61 ms.
Initialize engine version: 2020.3.23f1 (c5d91304a876)
[Subsystems] Discovering subsystems at path C:/Program Files/Unity/Hub/Editor/2020.3.23f1/Editor/Data/Resources/UnitySubsystems
[Subsystems] Discovering subsystems at path C:/Universe-Unity-Projects/University/Lite/Assets
GfxDevice: creating device client; threaded=0
Direct3D:
    Version:  Direct3D 11.0 [level 11.1]
    Renderer: NVIDIA GeForce RTX 2070 with Max-Q Design (ID=0x1f14)
    Vendor:   
    VRAM:     8031 MB
    Driver:   30.0.15.1165
Initialize mono
Mono path[0] = 'C:/Program Files/Unity/Hub/Editor/2020.3.23f1/Editor/Data/Managed'
Mono path[1] = 'C:/Program Files/Unity/Hub/Editor/2020.3.23f1/Editor/Data/MonoBleedingEdge/lib/mono/unityjit'
Mono config path = 'C:/Program Files/Unity/Hub/Editor/2020.3.23f1/Editor/Data/MonoBleedingEdge/etc'
Using monoOptions --debugger-agent=transport=dt_socket,embedding=1,server=y,suspend=n,address=127.0.0.1:56456
Begin MonoManager ReloadAssembly
Registering precompiled unity dll's ...
Register platform support module: C:/Program Files/Unity/Hub/Editor/2020.3.23f1/Editor/Data/PlaybackEngines/WebGLSupport/UnityEditor.WebGL.Extensions.dll
Register platform support module: C:/Program Files/Unity/Hub/Editor/2020.3.23f1/Editor/Data/PlaybackEngines/MacStandaloneSupport/UnityEditor.OSXStandalone.Extensions.dll
Register platform support module: C:/Program Files/Unity/Hub/Editor/2020.3.23f1/Editor/Data/PlaybackEngines/WindowsStandaloneSupport/UnityEditor.WindowsStandalone.Extensions.dll
Registered in 0.002840 seconds.
Native extension for WindowsStandalone target not found
Native extension for OSXStandalone target not found
Native extension for WebGL target not found
Refreshing native plugins compatible for Editor in 53.79 ms, found 9 plugins.
Preloading 5 native plugins for Editor in 0.25 ms.
Mono: successfully reloaded assembly
- Completed reload, in  0.530 seconds
Domain Reload Profiling:
	ReloadAssembly (530ms)
		BeginReloadAssembly (51ms)
			ExecutionOrderSort (0ms)
			DisableScriptedObjects (0ms)
			BackupInstance (0ms)
			ReleaseScriptingObjects (0ms)
			CreateAndSetChildDomain (1ms)
		EndReloadAssembly (413ms)
			LoadAssemblies (49ms)
			RebuildTransferFunctionScriptingTraits (0ms)
			SetupTypeCache (135ms)
			ReleaseScriptCaches (0ms)
			RebuildScriptCaches (28ms)
			SetupLoadedEditorAssemblies (162ms)
				LogAssemblyErrors (0ms)
				InitializePlatformSupportModulesInManaged (6ms)
				SetLoadedEditorAssemblies (0ms)
				RefreshPlugins (54ms)
				BeforeProcessingInitializeOnLoad (10ms)
				ProcessInitializeOnLoadAttributes (68ms)
				ProcessInitializeOnLoadMethodAttributes (23ms)
				AfterProcessingInitializeOnLoad (0ms)
				EditorAssembliesLoaded (0ms)
			ExecutionOrderSort2 (0ms)
			AwakeInstancesAfterBackupRestoration (0ms)
Platform modules already initialized, skipping
Registering precompiled user dll's ...
Registered in 0.015607 seconds.
Begin MonoManager ReloadAssembly
Native extension for WindowsStandalone target not found
Native extension for OSXStandalone target not found
Native extension for WebGL target not found
Refreshing native plugins compatible for Editor in 62.25 ms, found 9 plugins.
Preloading 5 native plugins for Editor in 0.24 ms.
[XR] OculusXRPlugin: registering subsystems
[XR] Unable to register display lifecyle provider: [1]
[XR] Oculus Input lifecycle provider registered.
[XR] Unable to register input lifecyle provider: [1]
System.Reflection.TargetInvocationException: Exception has been thrown by the target of an invocation. ---> System.NullReferenceException: Object reference not set to an instance of an object
  at Unity.XR.Oculus.OculusLoader.AssetPathToAbsolutePath (System.String assetPath) [0x00048] in C:\Universe-Unity-Projects\University\Lite\Library\PackageCache\com.unity.xr.oculus@1.11.0\Runtime\OculusLoader.cs:250 
  at Unity.XR.Oculus.OculusLoader.EditorLoadOVRPlugin () [0x0007b] in C:\Universe-Unity-Projects\University\Lite\Library\PackageCache\com.unity.xr.oculus@1.11.0\Runtime\OculusLoader.cs:235 
  at (wrapper managed-to-native) System.Reflection.MonoMethod.InternalInvoke(System.Reflection.MonoMethod,object,object[],System.Exception&)
  at System.Reflection.MonoMethod.Invoke (System.Object obj, System.Reflection.BindingFlags invokeAttr, System.Reflection.Binder binder, System.Object[] parameters, System.Globalization.CultureInfo culture) [0x00032] in <695d1cc93cca45069c528c15c9fdd749>:0 
   --- End of inner exception stack trace ---
  at System.Reflection.MonoMethod.Invoke (System.Object obj, System.Reflection.BindingFlags invokeAttr, System.Reflection.Binder binder, System.Object[] parameters, System.Globalization.CultureInfo culture) [0x00048] in <695d1cc93cca45069c528c15c9fdd749>:0 
  at System.Reflection.MethodBase.Invoke (System.Object obj, System.Object[] parameters) [0x00000] in <695d1cc93cca45069c528c15c9fdd749>:0 
  at UnityEditor.EditorAssemblies.ProcessInitializeOnLoadMethodAttributes () [0x00047] in <ad50112e30b445fdbf80d5814c3cbcf6>:0 
UnityEngine.StackTraceUtility:ExtractStackTrace ()
UnityEngine.DebugLogHandler:LogFormat (UnityEngine.LogType,UnityEngine.Object,string,object[])
UnityEngine.Logger:Log (UnityEngine.LogType,object)
UnityEngine.Debug:LogError (object)
UnityEditor.EditorAssemblies:ProcessInitializeOnLoadMethodAttributes ()

Mono: successfully reloaded assembly
- Completed reload, in  1.466 seconds
Domain Reload Profiling:
	ReloadAssembly (1468ms)
		BeginReloadAssembly (133ms)
			ExecutionOrderSort (0ms)
			DisableScriptedObjects (4ms)
			BackupInstance (0ms)
			ReleaseScriptingObjects (0ms)
			CreateAndSetChildDomain (16ms)
		EndReloadAssembly (1271ms)
			LoadAssemblies (116ms)
			RebuildTransferFunctionScriptingTraits (0ms)
			SetupTypeCache (492ms)
			ReleaseScriptCaches (1ms)
			RebuildScriptCaches (52ms)
			SetupLoadedEditorAssemblies (469ms)
				LogAssemblyErrors (0ms)
				InitializePlatformSupportModulesInManaged (5ms)
				SetLoadedEditorAssemblies (0ms)
				RefreshPlugins (63ms)
				BeforeProcessingInitializeOnLoad (98ms)
				ProcessInitializeOnLoadAttributes (261ms)
				ProcessInitializeOnLoadMethodAttributes (34ms)
				AfterProcessingInitializeOnLoad (8ms)
				EditorAssembliesLoaded (0ms)
			ExecutionOrderSort2 (0ms)
			AwakeInstancesAfterBackupRestoration (7ms)
Platform modules already initialized, skipping
========================================================================
Worker process is ready to serve import requests
Launched and connected shader compiler UnityShaderCompiler.exe after 0.10 seconds
Refreshing native plugins compatible for Editor in 1.07 ms, found 9 plugins.
Preloading 5 native plugins for Editor in 0.54 ms.
Unloading 2899 Unused Serialized files (Serialized files now loaded: 0)
System memory in use before: 128.3 MB.
System memory in use after: 128.5 MB.

Unloading 43 unused Assets to reduce memory usage. Loaded Objects now: 3318.
Total: 7.112000 ms (FindLiveObjects: 1.273200 ms CreateObjectMapping: 0.680600 ms MarkObjects: 4.935300 ms  DeleteObjects: 0.220300 ms)

AssetImportParameters requested are different than current active one (requested -> active):
  custom:framework-win-MediaFoundation: 216162199b28c13a410421893ffa2e32 -> 
  custom:video-decoder-ogg-theora: a1e56fd34408186e4bbccfd4996cb3dc -> 
  custom:container-muxer-webm: aa71ff27fc2769a1b78a27578f13a17b -> 
  custom:container-demuxer-webm: 4f35f7cbe854078d1ac9338744f61a02 -> 
  custom:container-demuxer-ogg: 62fdf1f143b41e24485cea50d1cbac27 -> 
  custom:video-encoder-webm-vp8: eb34c28f22e8b96e1ab97ce403110664 -> 
  custom:video-codec-MediaFoundation-h265: 746d11721c4dcdbdad8f713fa42b33f4 -> 
  custom:video-decoder-webm-vp8: 9c59270c3fd7afecdb556c50c9e8de78 -> 
  custom:audio-decoder-ogg-vorbis: bf7c407c2cedff20999df2af8eb42d56 -> 
  custom:audio-encoder-webm-vorbis: bf7c407c2cedff20999df2af8eb42d56 -> 
========================================================================
Received Import Request.
  path: Assets/New Lighting Settings.lighting
  artifactKey: Guid(50bb72cca8ff5a34f8ebe4e2b4d70d45) Importer(815301076,1909f56bfc062723c751e8b465ee728b)
Start importing Assets/New Lighting Settings.lighting using Guid(50bb72cca8ff5a34f8ebe4e2b4d70d45) Importer(815301076,1909f56bfc062723c751e8b465ee728b)  -> (artifact id: '66555050bf97d869796d6bba7ed056e6') in 0.049312 seconds 
  Import took 0.057426 seconds .

========================================================================
Received Import Request.
  Time since last request: 377.066969 seconds.
  path: Assets/Import/DOROB
  artifactKey: Guid(6580167ad71c9a245922848e7e2ab44d) Importer(815301076,1909f56bfc062723c751e8b465ee728b)
Start importing Assets/Import/DOROB using Guid(6580167ad71c9a245922848e7e2ab44d) Importer(815301076,1909f56bfc062723c751e8b465ee728b)  -> (artifact id: 'e93e2aea0b7015b54ecbbe98c0d34910') in 0.005478 seconds 
  Import took 0.014130 seconds .

========================================================================
Received Import Request.
  Time since last request: 4.309474 seconds.
  path: Assets/Import/Diorama/materials/BeerBottle_01_sh_14.mat
  artifactKey: Guid(302b1d617a1fd6f488f3d0203d295272) Importer(815301076,1909f56bfc062723c751e8b465ee728b)
Start importing Assets/Import/Diorama/materials/BeerBottle_01_sh_14.mat using Guid(302b1d617a1fd6f488f3d0203d295272) Importer(815301076,1909f56bfc062723c751e8b465ee728b)  -> (artifact id: '0150d20fa13493c33f47f0690bad8e72') in 0.204997 seconds 
  Import took 0.211626 seconds .

========================================================================
Received Import Request.
  Time since last request: 0.000313 seconds.
  path: Assets/Sketchfab For Unity/Dependencies/Resources/TitilliumWeb-Semibold.ttf
  artifactKey: Guid(55446a229435a7640b0f1980c8510a95) Importer(815301076,1909f56bfc062723c751e8b465ee728b)
Start importing Assets/Sketchfab For Unity/Dependencies/Resources/TitilliumWeb-Semibold.ttf using Guid(55446a229435a7640b0f1980c8510a95) Importer(815301076,1909f56bfc062723c751e8b465ee728b)  -> (artifact id: 'f56b4d9abeec8d08ecf6acba3c44c4bc') in 0.045460 seconds 
  Import took 0.053127 seconds .

========================================================================
Received Import Request.
  Time since last request: 0.000219 seconds.
  path: Packages/com.unity.searcher/Editor/Resources/FlatSkin/Font/Roboto-Thin.ttf
  artifactKey: Guid(19a9abb883540be48b75b951a927ae03) Importer(815301076,1909f56bfc062723c751e8b465ee728b)
Start importing Packages/com.unity.searcher/Editor/Resources/FlatSkin/Font/Roboto-Thin.ttf using Guid(19a9abb883540be48b75b951a927ae03) Importer(815301076,1909f56bfc062723c751e8b465ee728b)  -> (artifact id: '3e5067fcee22434ca506a2370b4fff4d') in 0.014369 seconds 
  Import took 0.020031 seconds .

========================================================================
Received Import Request.
  Time since last request: 0.000263 seconds.
  path: Assets/Import/Diorama/materials/HouseUnique_01_sh_32.mat
  artifactKey: Guid(d619d78110705cb49abfbc955bad85f3) Importer(815301076,1909f56bfc062723c751e8b465ee728b)
Start importing Assets/Import/Diorama/materials/HouseUnique_01_sh_32.mat using Guid(d619d78110705cb49abfbc955bad85f3) Importer(815301076,1909f56bfc062723c751e8b465ee728b)  -> (artifact id: '5848db24a8f28e7b873afd23106bfc96') in 0.096337 seconds 
  Import took 0.102659 seconds .

========================================================================
Received Import Request.
  Time since last request: 0.000200 seconds.
  path: Assets/Import/Diorama/materials/cliff_01_sh_15.mat
  artifactKey: Guid(cbed75eafabcb9346bcab3c976fecc22) Importer(815301076,1909f56bfc062723c751e8b465ee728b)
Start importing Assets/Import/Diorama/materials/cliff_01_sh_15.mat using Guid(cbed75eafabcb9346bcab3c976fecc22) Importer(815301076,1909f56bfc062723c751e8b465ee728b)  -> (artifact id: 'd712f4d45bb99aa5d8709431c8f9b2f6') in 0.014321 seconds 
  Import took 0.019305 seconds .

========================================================================
Received Import Request.
  Time since last request: 0.000276 seconds.
  path: Assets/Import/Diorama/materials/woodenRoofTiles_01_sh_27.mat
  artifactKey: Guid(7ba63d5785cbd5e48b16637d91b3cff1) Importer(815301076,1909f56bfc062723c751e8b465ee728b)
Start importing Assets/Import/Diorama/materials/woodenRoofTiles_01_sh_27.mat using Guid(7ba63d5785cbd5e48b16637d91b3cff1) Importer(815301076,1909f56bfc062723c751e8b465ee728b)  -> (artifact id: 'bb41a790ff41cdfa0ac945377baff6d8') in 0.015392 seconds 
  Import took 0.021864 seconds .

========================================================================
Received Import Request.
  Time since last request: 0.000199 seconds.
  path: Assets/Import/Diorama/materials/PineWood_01_sh_0.mat
  artifactKey: Guid(16c738803dd80584297905fa72103229) Importer(815301076,1909f56bfc062723c751e8b465ee728b)
Start importing Assets/Import/Diorama/materials/PineWood_01_sh_0.mat using Guid(16c738803dd80584297905fa72103229) Importer(815301076,1909f56bfc062723c751e8b465ee728b)  -> (artifact id: 'cc63505105b50a8b746a74335ad2e4f4') in 0.009624 seconds 
  Import took 0.016049 seconds .

========================================================================
Received Import Request.
  Time since last request: 0.000177 seconds.
  path: Assets/Sketchfab For Unity/Dependencies/Resources/TitilliumWeb-Thin.ttf
  artifactKey: Guid(069ae99b1d0b42946bd85dcc90f28d7d) Importer(815301076,1909f56bfc062723c751e8b465ee728b)
Start importing Assets/Sketchfab For Unity/Dependencies/Resources/TitilliumWeb-Thin.ttf using Guid(069ae99b1d0b42946bd85dcc90f28d7d) Importer(815301076,1909f56bfc062723c751e8b465ee728b)  -> (artifact id: 'bbeddf8bdd47f24f73a033f918999e67') in 0.012634 seconds 
  Import took 0.018280 seconds .

========================================================================
Received Import Request.
  Time since last request: 0.000247 seconds.
  path: Assets/Sketchfab For Unity/Dependencies/Resources/OpenSans-Semibold.ttf
  artifactKey: Guid(ee5666b5e771fec4ca5cd1fc332a5b6d) Importer(815301076,1909f56bfc062723c751e8b465ee728b)
Start importing Assets/Sketchfab For Unity/Dependencies/Resources/OpenSans-Semibold.ttf using Guid(ee5666b5e771fec4ca5cd1fc332a5b6d) Importer(815301076,1909f56bfc062723c751e8b465ee728b)  -> (artifact id: '78d917a84222555f3000b9575d134034') in 0.013867 seconds 
  Import took 0.018882 seconds .

========================================================================
Received Import Request.
  Time since last request: 0.000219 seconds.
  path: Assets/Import/Diorama/materials/Ground_01_sh_17.mat
  artifactKey: Guid(5b06b392c32809f42b09ba5f4b62c121) Importer(815301076,1909f56bfc062723c751e8b465ee728b)
Start importing Assets/Import/Diorama/materials/Ground_01_sh_17.mat using Guid(5b06b392c32809f42b09ba5f4b62c121) Importer(815301076,1909f56bfc062723c751e8b465ee728b)  -> (artifact id: 'b568d9420b06e0b42a3c732e7c27719f') in 0.013329 seconds 
  Import took 0.020389 seconds .

========================================================================
Received Import Request.
  Time since last request: 0.000289 seconds.
  path: Packages/com.unity.searcher/Editor/Resources/FlatSkin/Font/Roboto-MediumItalic.ttf
  artifactKey: Guid(d93c1bc57fdf1ac4dad1bf04fac05464) Importer(815301076,1909f56bfc062723c751e8b465ee728b)
Start importing Packages/com.unity.searcher/Editor/Resources/FlatSkin/Font/Roboto-MediumItalic.ttf using Guid(d93c1bc57fdf1ac4dad1bf04fac05464) Importer(815301076,1909f56bfc062723c751e8b465ee728b)  -> (artifact id: '7f62d5059210cc27112de43185eac9d8') in 0.018658 seconds 
  Import took 0.025838 seconds .

========================================================================
Received Import Request.
  Time since last request: 0.000256 seconds.
  path: Packages/com.unity.render-pipelines.universal/Runtime/Materials/TerrainLit.mat
  artifactKey: Guid(594ea882c5a793440b60ff72d896021e) Importer(815301076,1909f56bfc062723c751e8b465ee728b)
Start importing Packages/com.unity.render-pipelines.universal/Runtime/Materials/TerrainLit.mat using Guid(594ea882c5a793440b60ff72d896021e) Importer(815301076,1909f56bfc062723c751e8b465ee728b)  -> (artifact id: '1a5ee9367b7bafb6b44f740b797558b7') in 0.012441 seconds 
  Import took 0.017784 seconds .

========================================================================
Received Import Request.
  Time since last request: 0.000155 seconds.
  path: Assets/Sketchfab For Unity/Dependencies/Resources/TitilliumWeb-Light.ttf
  artifactKey: Guid(932f07f074f5cbd4fba92975462c6e4e) Importer(815301076,1909f56bfc062723c751e8b465ee728b)
Start importing Assets/Sketchfab For Unity/Dependencies/Resources/TitilliumWeb-Light.ttf using Guid(932f07f074f5cbd4fba92975462c6e4e) Importer(815301076,1909f56bfc062723c751e8b465ee728b)  -> (artifact id: 'b11d0f211c0df25184aa684cc70668ea') in 0.012819 seconds 
  Import took 0.019089 seconds .

========================================================================
Received Import Request.
  Time since last request: 0.000309 seconds.
  path: Packages/com.unity.render-pipelines.universal/Runtime/Materials/Sprite-Unlit-Default.mat
  artifactKey: Guid(9dfc825aed78fcd4ba02077103263b40) Importer(815301076,1909f56bfc062723c751e8b465ee728b)
Start importing Packages/com.unity.render-pipelines.universal/Runtime/Materials/Sprite-Unlit-Default.mat using Guid(9dfc825aed78fcd4ba02077103263b40) Importer(815301076,1909f56bfc062723c751e8b465ee728b)  -> (artifact id: '150132e0efa3e9f49db7782dbc2ef5e1') in 0.042260 seconds 
  Import took 0.048461 seconds .

========================================================================
Received Import Request.
  Time since last request: 0.000304 seconds.
  path: Assets/Import/ceiling_lamp/materials/material_1_1.mat
  artifactKey: Guid(1bb157cb8f06f4548ae2d040caf538cc) Importer(815301076,1909f56bfc062723c751e8b465ee728b)
Start importing Assets/Import/ceiling_lamp/materials/material_1_1.mat using Guid(1bb157cb8f06f4548ae2d040caf538cc) Importer(815301076,1909f56bfc062723c751e8b465ee728b)  -> (artifact id: '12ad33830f967648d3dca3e4af673d32') in 0.016004 seconds 
  Import took 0.023278 seconds .

========================================================================
Received Import Request.
  Time since last request: 0.000311 seconds.
  path: Assets/Import/Diorama/materials/planks_02_sh_30.mat
  artifactKey: Guid(38cdba3f983a7464fb31a6ab1b086138) Importer(815301076,1909f56bfc062723c751e8b465ee728b)
Start importing Assets/Import/Diorama/materials/planks_02_sh_30.mat using Guid(38cdba3f983a7464fb31a6ab1b086138) Importer(815301076,1909f56bfc062723c751e8b465ee728b)  -> (artifact id: '45823b41986b80a80a815f34e63afae6') in 0.013014 seconds 
  Import took 0.020721 seconds .

========================================================================
Received Import Request.
  Time since last request: 0.000482 seconds.
  path: Packages/com.unity.render-pipelines.universal/Runtime/Materials/SimpleLit.mat
  artifactKey: Guid(6a1143ee683302f4aa628c052723efc1) Importer(815301076,1909f56bfc062723c751e8b465ee728b)
Start importing Packages/com.unity.render-pipelines.universal/Runtime/Materials/SimpleLit.mat using Guid(6a1143ee683302f4aa628c052723efc1) Importer(815301076,1909f56bfc062723c751e8b465ee728b)  -> (artifact id: '2afdd6009410dabe4c2adf7f5e467a3f') in 0.069134 seconds 
  Import took 0.075477 seconds .

========================================================================
Received Import Request.
  Time since last request: 0.000297 seconds.
  path: Assets/Import/ceiling_lamp/materials/material_0_0.mat
  artifactKey: Guid(f232cbdc434a00541be22a50e215555e) Importer(815301076,1909f56bfc062723c751e8b465ee728b)
Start importing Assets/Import/ceiling_lamp/materials/material_0_0.mat using Guid(f232cbdc434a00541be22a50e215555e) Importer(815301076,1909f56bfc062723c751e8b465ee728b)  -> (artifact id: 'd68d49634b4f479b846e1b77c5b279a7') in 0.014540 seconds 
  Import took 0.020053 seconds .

========================================================================
Received Import Request.
  Time since last request: 0.000377 seconds.
  path: Assets/Import/Diorama/materials/CrossUnique_01_sh_21.mat
  artifactKey: Guid(49e30d9139e760d4ab777b3e0d291967) Importer(815301076,1909f56bfc062723c751e8b465ee728b)
Start importing Assets/Import/Diorama/materials/CrossUnique_01_sh_21.mat using Guid(49e30d9139e760d4ab777b3e0d291967) Importer(815301076,1909f56bfc062723c751e8b465ee728b)  -> (artifact id: '83829c73428031dd76d6e15849d72710') in 0.012402 seconds 
  Import took 0.022168 seconds .

========================================================================
Received Import Request.
  Time since last request: 0.000315 seconds.
  path: Packages/com.unity.searcher/Editor/Resources/FlatSkin/Font/Roboto-Black.ttf
  artifactKey: Guid(1062c701058745940ae5dca6219c64c8) Importer(815301076,1909f56bfc062723c751e8b465ee728b)
Start importing Packages/com.unity.searcher/Editor/Resources/FlatSkin/Font/Roboto-Black.ttf using Guid(1062c701058745940ae5dca6219c64c8) Importer(815301076,1909f56bfc062723c751e8b465ee728b)  -> (artifact id: 'eb26cd20cfe8ba27a65eb0ccba3affd8') in 0.015202 seconds 
  Import took 0.021511 seconds .

========================================================================
Received Import Request.
  Time since last request: 0.000259 seconds.
  path: Assets/Import/Diorama/materials/outhouseUnique_01_sh_4.mat
  artifactKey: Guid(27dac5bdaaecd5e46ab5f0ba2dcf445b) Importer(815301076,1909f56bfc062723c751e8b465ee728b)
Start importing Assets/Import/Diorama/materials/outhouseUnique_01_sh_4.mat using Guid(27dac5bdaaecd5e46ab5f0ba2dcf445b) Importer(815301076,1909f56bfc062723c751e8b465ee728b)  -> (artifact id: 'a36dd38682e53f2b9f58240e0ea3fc76') in 0.017220 seconds 
  Import took 0.024225 seconds .

========================================================================
Received Import Request.
  Time since last request: 0.000478 seconds.
  path: Assets/Import/Diorama/materials/soilGroundTransition_01_sh_16.mat
  artifactKey: Guid(aeab2cb3f1191cf449f082a5a7322db5) Importer(815301076,1909f56bfc062723c751e8b465ee728b)
Start importing Assets/Import/Diorama/materials/soilGroundTransition_01_sh_16.mat using Guid(aeab2cb3f1191cf449f082a5a7322db5) Importer(815301076,1909f56bfc062723c751e8b465ee728b)  -> (artifact id: 'd9dc9ecad603cf274102557ee45eb45a') in 0.013110 seconds 
  Import took 0.018829 seconds .

========================================================================
Received Import Request.
  Time since last request: 0.000212 seconds.
  path: Assets/Import/Diorama/materials/roofTexture_01_sh_29.mat
  artifactKey: Guid(8214d270f58c68b49990c5940359ed55) Importer(815301076,1909f56bfc062723c751e8b465ee728b)
Start importing Assets/Import/Diorama/materials/roofTexture_01_sh_29.mat using Guid(8214d270f58c68b49990c5940359ed55) Importer(815301076,1909f56bfc062723c751e8b465ee728b)  -> (artifact id: '4d7cb454f1cfe728b531bb7d6d9eae14') in 0.013073 seconds 
  Import took 0.018584 seconds .

========================================================================
Received Import Request.
  Time since last request: 0.000244 seconds.
  path: Packages/com.unity.searcher/Editor/Resources/FlatSkin/Font/Roboto-Regular.ttf
  artifactKey: Guid(30dc370b164eefc43b95744fc796dad0) Importer(815301076,1909f56bfc062723c751e8b465ee728b)
Start importing Packages/com.unity.searcher/Editor/Resources/FlatSkin/Font/Roboto-Regular.ttf using Guid(30dc370b164eefc43b95744fc796dad0) Importer(815301076,1909f56bfc062723c751e8b465ee728b)  -> (artifact id: '8fa5b4f089bf70adfb215145918b971c') in 0.019928 seconds 
  Import took 0.028858 seconds .

========================================================================
Received Import Request.
  Time since last request: 0.000384 seconds.
  path: Assets/Import/Diorama/materials/soil_01_sh_19.mat
  artifactKey: Guid(018a5fc86f254d746b6e02f1124378e2) Importer(815301076,1909f56bfc062723c751e8b465ee728b)
Start importing Assets/Import/Diorama/materials/soil_01_sh_19.mat using Guid(018a5fc86f254d746b6e02f1124378e2) Importer(815301076,1909f56bfc062723c751e8b465ee728b)  -> (artifact id: '2255e59f5a0c4ab8c04e54db6086fb5c') in 0.013597 seconds 
  Import took 0.019200 seconds .

========================================================================
Received Import Request.
  Time since last request: 0.000332 seconds.
  path: Assets/Import/Diorama/materials/Gutter_01_sh_34.mat
  artifactKey: Guid(7e233988dc61f1940b7f1b15f7dd50ca) Importer(815301076,1909f56bfc062723c751e8b465ee728b)
Start importing Assets/Import/Diorama/materials/Gutter_01_sh_34.mat using Guid(7e233988dc61f1940b7f1b15f7dd50ca) Importer(815301076,1909f56bfc062723c751e8b465ee728b)  -> (artifact id: '5a9654b50ed02ffc06c971b8744fd2f6') in 0.017564 seconds 
  Import took 0.024376 seconds .

========================================================================
Received Import Request.
  Time since last request: 0.000229 seconds.
  path: Assets/Import/Diorama/materials/planks_01_sh_12.mat
  artifactKey: Guid(35bac1fbb4cbae34286c15ac19bf6f7d) Importer(815301076,1909f56bfc062723c751e8b465ee728b)
Start importing Assets/Import/Diorama/materials/planks_01_sh_12.mat using Guid(35bac1fbb4cbae34286c15ac19bf6f7d) Importer(815301076,1909f56bfc062723c751e8b465ee728b)  -> (artifact id: 'c09def5d768682d9c87f99a09a63b1c0') in 0.014314 seconds 
  Import took 0.019042 seconds .

========================================================================
Received Import Request.
  Time since last request: 0.000249 seconds.
  path: Assets/Import/DOROB/materials/Scene_-_Root_0.mat
  artifactKey: Guid(8b79fe1e9b02f854db81a1a46b00b4f5) Importer(815301076,1909f56bfc062723c751e8b465ee728b)
Start importing Assets/Import/DOROB/materials/Scene_-_Root_0.mat using Guid(8b79fe1e9b02f854db81a1a46b00b4f5) Importer(815301076,1909f56bfc062723c751e8b465ee728b)  -> (artifact id: 'b6beb502812aea657722f2fbd5a4c950') in 0.011858 seconds 
  Import took 0.020204 seconds .

========================================================================
Received Import Request.
  Time since last request: 0.000318 seconds.
  path: Assets/Sketchfab For Unity/Dependencies/Resources/OpenSans-Bold.ttf
  artifactKey: Guid(c4a4f38739b2f214285296818ef463ee) Importer(815301076,1909f56bfc062723c751e8b465ee728b)
Start importing Assets/Sketchfab For Unity/Dependencies/Resources/OpenSans-Bold.ttf using Guid(c4a4f38739b2f214285296818ef463ee) Importer(815301076,1909f56bfc062723c751e8b465ee728b)  -> (artifact id: '2bd76eb8c2fd927b6ba12b8621c1a654') in 0.017722 seconds 
  Import took 0.025513 seconds .

========================================================================
Received Import Request.
  Time since last request: 0.000465 seconds.
  path: Assets/Sketchfab For Unity/Dependencies/Resources/TitilliumWeb-Regular.ttf
  artifactKey: Guid(b6441e4076c3d8d49b31714d8c9ec3f6) Importer(815301076,1909f56bfc062723c751e8b465ee728b)
Start importing Assets/Sketchfab For Unity/Dependencies/Resources/TitilliumWeb-Regular.ttf using Guid(b6441e4076c3d8d49b31714d8c9ec3f6) Importer(815301076,1909f56bfc062723c751e8b465ee728b)  -> (artifact id: 'a789a2db1e0a7dc46db2993c5c2de585') in 0.015618 seconds 
  Import took 0.023100 seconds .

========================================================================
Received Import Request.
  Time since last request: 0.000269 seconds.
  path: Packages/com.unity.render-pipelines.universal/Runtime/Materials/Lit.mat
  artifactKey: Guid(31321ba15b8f8eb4c954353edc038b1d) Importer(815301076,1909f56bfc062723c751e8b465ee728b)
Start importing Packages/com.unity.render-pipelines.universal/Runtime/Materials/Lit.mat using Guid(31321ba15b8f8eb4c954353edc038b1d) Importer(815301076,1909f56bfc062723c751e8b465ee728b)  -> (artifact id: 'ab8edc273b2a28d00804d5495697c4d1') in 0.016734 seconds 
  Import took 0.024126 seconds .

========================================================================
Received Import Request.
  Time since last request: 0.000269 seconds.
  path: Packages/com.unity.render-pipelines.universal/Runtime/Materials/Sprite-Lit-Default.mat
  artifactKey: Guid(a97c105638bdf8b4a8650670310a4cd3) Importer(815301076,1909f56bfc062723c751e8b465ee728b)
Start importing Packages/com.unity.render-pipelines.universal/Runtime/Materials/Sprite-Lit-Default.mat using Guid(a97c105638bdf8b4a8650670310a4cd3) Importer(815301076,1909f56bfc062723c751e8b465ee728b)  -> (artifact id: '8550c64de2a9fc4a8d35392886f95d10') in 0.012561 seconds 
  Import took 0.019400 seconds .

========================================================================
Received Import Request.
  Time since last request: 0.000273 seconds.
  path: Packages/com.unity.render-pipelines.core/Runtime/Debugging/Prefabs/Fonts/Perfect DOS VGA 437.ttf
  artifactKey: Guid(74a5091d8707f334b9a5c31ef71a64ba) Importer(815301076,1909f56bfc062723c751e8b465ee728b)
Start importing Packages/com.unity.render-pipelines.core/Runtime/Debugging/Prefabs/Fonts/Perfect DOS VGA 437.ttf using Guid(74a5091d8707f334b9a5c31ef71a64ba) Importer(815301076,1909f56bfc062723c751e8b465ee728b)  -> (artifact id: 'a47252ba058fbb5d0f75af9af69e64ce') in 0.018957 seconds 
  Import took 0.026544 seconds .

========================================================================
Received Import Request.
  Time since last request: 0.000311 seconds.
  path: Assets/Import/Diorama/materials/treeleafs_01_sh_3.mat
  artifactKey: Guid(c4bf99c02a9c5494dbe0db0547e9de56) Importer(815301076,1909f56bfc062723c751e8b465ee728b)
Start importing Assets/Import/Diorama/materials/treeleafs_01_sh_3.mat using Guid(c4bf99c02a9c5494dbe0db0547e9de56) Importer(815301076,1909f56bfc062723c751e8b465ee728b)  -> (artifact id: '25492784d79e762708be9502c97abf1d') in 0.014316 seconds 
  Import took 0.021546 seconds .

========================================================================
Received Import Request.
  Time since last request: 0.000209 seconds.
  path: Assets/Import/Diorama/materials/mossyRock_01_sh_8.mat
  artifactKey: Guid(5cccf8b581dceaa4694da2a263598d95) Importer(815301076,1909f56bfc062723c751e8b465ee728b)
Start importing Assets/Import/Diorama/materials/mossyRock_01_sh_8.mat using Guid(5cccf8b581dceaa4694da2a263598d95) Importer(815301076,1909f56bfc062723c751e8b465ee728b)  -> (artifact id: '9e90f3b18b6ec3d8c07c90b409f56c95') in 0.013206 seconds 
  Import took 0.019946 seconds .

========================================================================
Received Import Request.
  Time since last request: 0.000304 seconds.
  path: Assets/Import/Diorama/materials/carTexture_01_sh_28.mat
  artifactKey: Guid(2bb50be3a3e58cf40a3332551fe21caa) Importer(815301076,1909f56bfc062723c751e8b465ee728b)
Start importing Assets/Import/Diorama/materials/carTexture_01_sh_28.mat using Guid(2bb50be3a3e58cf40a3332551fe21caa) Importer(815301076,1909f56bfc062723c751e8b465ee728b)  -> (artifact id: 'a6282a1f38f35dc319b2b208b3556147') in 0.014341 seconds 
  Import took 0.021187 seconds .

========================================================================
Received Import Request.
  Time since last request: 0.001458 seconds.
  path: Assets/Import/Diorama/materials/shedUnique_01_sh_25.mat
  artifactKey: Guid(f264097e5e516f345b8c4ed602fbbd55) Importer(815301076,1909f56bfc062723c751e8b465ee728b)
Start importing Assets/Import/Diorama/materials/shedUnique_01_sh_25.mat using Guid(f264097e5e516f345b8c4ed602fbbd55) Importer(815301076,1909f56bfc062723c751e8b465ee728b)  -> (artifact id: '027dd9176dc4b73569e7d8359b09f2f5') in 0.015855 seconds 
  Import took 0.023609 seconds .

========================================================================
Received Import Request.
  Time since last request: 0.000284 seconds.
  path: Assets/Sketchfab For Unity/Dependencies/Resources/OpenSans-Regular.ttf
  artifactKey: Guid(3a7f6f0ee62dc1a419509d2442cb0542) Importer(815301076,1909f56bfc062723c751e8b465ee728b)
Start importing Assets/Sketchfab For Unity/Dependencies/Resources/OpenSans-Regular.ttf using Guid(3a7f6f0ee62dc1a419509d2442cb0542) Importer(815301076,1909f56bfc062723c751e8b465ee728b)  -> (artifact id: 'b3a32ccc104c681da6707ac2f79b100e') in 0.019940 seconds 
  Import took 0.026930 seconds .

========================================================================
Received Import Request.
  Time since last request: 0.000793 seconds.
  path: Packages/com.unity.searcher/Editor/Resources/FlatSkin/Font/Roboto-BlackItalic.ttf
  artifactKey: Guid(f95147a9bab9fe649b8070170fa7ebd2) Importer(815301076,1909f56bfc062723c751e8b465ee728b)
Start importing Packages/com.unity.searcher/Editor/Resources/FlatSkin/Font/Roboto-BlackItalic.ttf using Guid(f95147a9bab9fe649b8070170fa7ebd2) Importer(815301076,1909f56bfc062723c751e8b465ee728b)  -> (artifact id: 'b547faaff5fd294001bed41ef76adab2') in 0.013941 seconds 
  Import took 0.021643 seconds .

========================================================================
Received Import Request.
  Time since last request: 0.000255 seconds.
  path: Packages/com.unity.render-pipelines.universal/Runtime/Materials/ParticlesUnlit.mat
  artifactKey: Guid(e823cd5b5d27c0f4b8256e7c12ee3e6d) Importer(815301076,1909f56bfc062723c751e8b465ee728b)
Start importing Packages/com.unity.render-pipelines.universal/Runtime/Materials/ParticlesUnlit.mat using Guid(e823cd5b5d27c0f4b8256e7c12ee3e6d) Importer(815301076,1909f56bfc062723c751e8b465ee728b)  -> (artifact id: '3ad40f01e9d41488d762fd6d85c343c1') in 0.014919 seconds 
  Import took 0.021380 seconds .

========================================================================
Received Import Request.
  Time since last request: 0.000239 seconds.
  path: Assets/Import/Diorama/materials/shinySurface_01_sh_33.mat
  artifactKey: Guid(0af09c461c00f4049be8b08115689b55) Importer(815301076,1909f56bfc062723c751e8b465ee728b)
Start importing Assets/Import/Diorama/materials/shinySurface_01_sh_33.mat using Guid(0af09c461c00f4049be8b08115689b55) Importer(815301076,1909f56bfc062723c751e8b465ee728b)  -> (artifact id: '6b8c82d0dd6fa1127a930334b418d1b9') in 0.015885 seconds 
  Import took 0.022358 seconds .

========================================================================
Received Import Request.
  Time since last request: 0.000238 seconds.
  path: Packages/com.unity.searcher/Editor/Resources/FlatSkin/Font/Roboto-Bold.ttf
  artifactKey: Guid(3750c318f40cab44a97d3a81beaefeb3) Importer(815301076,1909f56bfc062723c751e8b465ee728b)
Start importing Packages/com.unity.searcher/Editor/Resources/FlatSkin/Font/Roboto-Bold.ttf using Guid(3750c318f40cab44a97d3a81beaefeb3) Importer(815301076,1909f56bfc062723c751e8b465ee728b)  -> (artifact id: '387d068e77a0bbb9c4b3cda6b0579d83') in 0.014143 seconds 
  Import took 0.021984 seconds .

========================================================================
Received Import Request.
  Time since last request: 0.000202 seconds.
  path: Assets/Import/Diorama/materials/mossyStone_01_sh_18.mat
  artifactKey: Guid(2122f00b0797efb4599c20aa8db4671c) Importer(815301076,1909f56bfc062723c751e8b465ee728b)
Start importing Assets/Import/Diorama/materials/mossyStone_01_sh_18.mat using Guid(2122f00b0797efb4599c20aa8db4671c) Importer(815301076,1909f56bfc062723c751e8b465ee728b)  -> (artifact id: '06c7c7569fbdbb55e945f75dce9fa3cc') in 0.011305 seconds 
  Import took 0.018436 seconds .

========================================================================
Received Import Request.
  Time since last request: 0.000244 seconds.
  path: Assets/Import/Diorama/materials/smallPropsTexture_01_sh_9.mat
  artifactKey: Guid(e6da228f708b0cc47a736121e40092d1) Importer(815301076,1909f56bfc062723c751e8b465ee728b)
Start importing Assets/Import/Diorama/materials/smallPropsTexture_01_sh_9.mat using Guid(e6da228f708b0cc47a736121e40092d1) Importer(815301076,1909f56bfc062723c751e8b465ee728b)  -> (artifact id: 'a4a90faf44d32d516c5b4a7603a0fad9') in 0.014285 seconds 
  Import took 0.021552 seconds .

========================================================================
Received Import Request.
  Time since last request: 0.000267 seconds.
  path: Assets/Import/Diorama/materials/tireTracks_01_sh_20.mat
  artifactKey: Guid(4ccb211aa93001443a309ee6cd031cde) Importer(815301076,1909f56bfc062723c751e8b465ee728b)
Start importing Assets/Import/Diorama/materials/tireTracks_01_sh_20.mat using Guid(4ccb211aa93001443a309ee6cd031cde) Importer(815301076,1909f56bfc062723c751e8b465ee728b)  -> (artifact id: '3d7c0b75910ed31280255eac839d0fca') in 0.014481 seconds 
  Import took 0.020990 seconds .

========================================================================
Received Import Request.
  Time since last request: 0.000244 seconds.
  path: Assets/Import/Diorama/materials/plantMix_02_sh_6.mat
  artifactKey: Guid(f8fd0f751074a8442befdc45609d254e) Importer(815301076,1909f56bfc062723c751e8b465ee728b)
Start importing Assets/Import/Diorama/materials/plantMix_02_sh_6.mat using Guid(f8fd0f751074a8442befdc45609d254e) Importer(815301076,1909f56bfc062723c751e8b465ee728b)  -> (artifact id: 'cd02d8f765299abfe1d45a5cc4c5e9ca') in 0.013532 seconds 
  Import took 0.021585 seconds .

========================================================================
Received Import Request.
  Time since last request: 0.000429 seconds.
  path: Packages/com.unity.searcher/Editor/Resources/FlatSkin/Font/Roboto-Italic.ttf
  artifactKey: Guid(c839255fc8f6b4b4d90bf8c1af9f9bd1) Importer(815301076,1909f56bfc062723c751e8b465ee728b)
Start importing Packages/com.unity.searcher/Editor/Resources/FlatSkin/Font/Roboto-Italic.ttf using Guid(c839255fc8f6b4b4d90bf8c1af9f9bd1) Importer(815301076,1909f56bfc062723c751e8b465ee728b)  -> (artifact id: '75348730c89fa56aa23f10dd1924a3bb') in 0.014125 seconds 
  Import took 0.021669 seconds .

========================================================================
Received Import Request.
  Time since last request: 0.000245 seconds.
  path: Assets/Import/Diorama/materials/concrete_01_sh_24.mat
  artifactKey: Guid(b93333f24a23f0049a9853ea70fc4370) Importer(815301076,1909f56bfc062723c751e8b465ee728b)
Start importing Assets/Import/Diorama/materials/concrete_01_sh_24.mat using Guid(b93333f24a23f0049a9853ea70fc4370) Importer(815301076,1909f56bfc062723c751e8b465ee728b)  -> (artifact id: 'b7285801944e69e8dc0554e6772291c9') in 0.014931 seconds 
  Import took 0.020896 seconds .

========================================================================
Received Import Request.
  Time since last request: 0.000219 seconds.
  path: Packages/com.unity.searcher/Editor/Resources/FlatSkin/Font/Roboto-ThinItalic.ttf
  artifactKey: Guid(b2ea3b3f1765e544b9eb5bd1a93a91ce) Importer(815301076,1909f56bfc062723c751e8b465ee728b)
Start importing Packages/com.unity.searcher/Editor/Resources/FlatSkin/Font/Roboto-ThinItalic.ttf using Guid(b2ea3b3f1765e544b9eb5bd1a93a91ce) Importer(815301076,1909f56bfc062723c751e8b465ee728b)  -> (artifact id: '7fe535c3097f062ec3e1baa911215801') in 0.014543 seconds 
  Import took 0.021926 seconds .

========================================================================
Received Import Request.
  Time since last request: 0.000247 seconds.
  path: Assets/Import/Diorama/materials/plantMix_03_sh_7.mat
  artifactKey: Guid(9877934ad159d0c40b38b1f025c6f80a) Importer(815301076,1909f56bfc062723c751e8b465ee728b)
Start importing Assets/Import/Diorama/materials/plantMix_03_sh_7.mat using Guid(9877934ad159d0c40b38b1f025c6f80a) Importer(815301076,1909f56bfc062723c751e8b465ee728b)  -> (artifact id: '9d8a0ee0881790a8bf82d061aca52ccb') in 0.014667 seconds 
  Import took 0.021694 seconds .

========================================================================
Received Import Request.
  Time since last request: 0.000429 seconds.
  path: Assets/Import/Diorama/materials/Planks_03_sh_23.mat
  artifactKey: Guid(4cb1743ca3559494e8b54e0911b2776d) Importer(815301076,1909f56bfc062723c751e8b465ee728b)
Start importing Assets/Import/Diorama/materials/Planks_03_sh_23.mat using Guid(4cb1743ca3559494e8b54e0911b2776d) Importer(815301076,1909f56bfc062723c751e8b465ee728b)  -> (artifact id: '08d58327d7ac20ca0e4cfe2651e9a461') in 0.010812 seconds 
  Import took 0.016308 seconds .

========================================================================
Received Import Request.
  Time since last request: 0.000217 seconds.
  path: Packages/com.unity.render-pipelines.core/Runtime/Debugging/Prefabs/Widgets/DebugUI EnumHistory.prefab
  artifactKey: Guid(b2da6b27df236b144b3516ed8e7d36ac) Importer(815301076,1909f56bfc062723c751e8b465ee728b)
Start importing Packages/com.unity.render-pipelines.core/Runtime/Debugging/Prefabs/Widgets/DebugUI EnumHistory.prefab using Guid(b2da6b27df236b144b3516ed8e7d36ac) Importer(815301076,1909f56bfc062723c751e8b465ee728b)  -> (artifact id: '54733a940f2372977eed0c762e5684a4') in 0.023360 seconds 
  Import took 0.030471 seconds .

========================================================================
Received Import Request.
  Time since last request: 0.000340 seconds.
  path: Packages/com.unity.render-pipelines.core/Runtime/Debugging/Prefabs/Resources/DebugUI Canvas.prefab
  artifactKey: Guid(cf6cbdd672089a84796e55a21fed1cbe) Importer(815301076,1909f56bfc062723c751e8b465ee728b)
Start importing Packages/com.unity.render-pipelines.core/Runtime/Debugging/Prefabs/Resources/DebugUI Canvas.prefab using Guid(cf6cbdd672089a84796e55a21fed1cbe) Importer(815301076,1909f56bfc062723c751e8b465ee728b)  -> (artifact id: 'c07b197d8c15cc08947ccece9a79c8d6') in 0.086425 seconds 
  Import took 0.097099 seconds .

========================================================================
Received Import Request.
  Time since last request: 0.000313 seconds.
  path: Packages/com.unity.render-pipelines.core/Runtime/Debugging/Prefabs/Widgets/DebugUI Group.prefab
  artifactKey: Guid(38a07789c9e87004dad98c2909f58369) Importer(815301076,1909f56bfc062723c751e8b465ee728b)
Start importing Packages/com.unity.render-pipelines.core/Runtime/Debugging/Prefabs/Widgets/DebugUI Group.prefab using Guid(38a07789c9e87004dad98c2909f58369) Importer(815301076,1909f56bfc062723c751e8b465ee728b)  -> (artifact id: '82c3cb7670055cb6b24cf597fd116681') in 0.009970 seconds 
  Import took 0.016391 seconds .

========================================================================
Received Import Request.
  Time since last request: 0.000304 seconds.
  path: Packages/com.unity.xr.legacyinputhelpers/Prefabs/XRRig.prefab
  artifactKey: Guid(c116b7497ab8ca34c9188965d4295e27) Importer(815301076,1909f56bfc062723c751e8b465ee728b)
Start importing Packages/com.unity.xr.legacyinputhelpers/Prefabs/XRRig.prefab using Guid(c116b7497ab8ca34c9188965d4295e27) Importer(815301076,1909f56bfc062723c751e8b465ee728b)  -> (artifact id: '53e5402df3ba6997afeb4e074ac5eb80') in 0.011582 seconds 
  Import took 0.020421 seconds .

========================================================================
Received Import Request.
  Time since last request: 0.000200 seconds.
  path: Packages/com.unity.render-pipelines.core/Runtime/Debugging/Prefabs/Widgets/DebugUI Row.prefab
  artifactKey: Guid(2d019437ff89b8d44949727731cd9357) Importer(815301076,1909f56bfc062723c751e8b465ee728b)
Start importing Packages/com.unity.render-pipelines.core/Runtime/Debugging/Prefabs/Widgets/DebugUI Row.prefab using Guid(2d019437ff89b8d44949727731cd9357) Importer(815301076,1909f56bfc062723c751e8b465ee728b)  -> (artifact id: '48bd32a65a71c3dd25811629c594d361') in 0.008349 seconds 
  Import took 0.015107 seconds .

========================================================================
Received Import Request.
  Time since last request: 0.000262 seconds.
  path: Packages/com.unity.render-pipelines.core/Runtime/Debugging/Prefabs/Widgets/DebugUI ToggleHistory.prefab
  artifactKey: Guid(5088d0220f0c4df439cf06c5c270eacb) Importer(815301076,1909f56bfc062723c751e8b465ee728b)
Start importing Packages/com.unity.render-pipelines.core/Runtime/Debugging/Prefabs/Widgets/DebugUI ToggleHistory.prefab using Guid(5088d0220f0c4df439cf06c5c270eacb) Importer(815301076,1909f56bfc062723c751e8b465ee728b)  -> (artifact id: '8d47ea863f277c013c5601b366ed9159') in 0.011600 seconds 
  Import took 0.020385 seconds .

========================================================================
Received Import Request.
  Time since last request: 0.000251 seconds.
  path: Assets/Import/Diorama/Diorama.prefab
  artifactKey: Guid(4a5feb4fb9508494f887c1b58d951001) Importer(815301076,1909f56bfc062723c751e8b465ee728b)
Start importing Assets/Import/Diorama/Diorama.prefab using Guid(4a5feb4fb9508494f887c1b58d951001) Importer(815301076,1909f56bfc062723c751e8b465ee728b)  -> (artifact id: '298e1e831e436ac282533953fa436037') in 0.550491 seconds 
  Import took 0.575853 seconds .

========================================================================
Received Import Request.
  Time since last request: 0.000290 seconds.
  path: Packages/com.unity.render-pipelines.core/Runtime/Debugging/Prefabs/Widgets/DebugUI Foldout.prefab
  artifactKey: Guid(1c87ab2ce8b8b304d98fbe9a734b1f74) Importer(815301076,1909f56bfc062723c751e8b465ee728b)
Start importing Packages/com.unity.render-pipelines.core/Runtime/Debugging/Prefabs/Widgets/DebugUI Foldout.prefab using Guid(1c87ab2ce8b8b304d98fbe9a734b1f74) Importer(815301076,1909f56bfc062723c751e8b465ee728b)  -> (artifact id: 'ebb2d8942424fd9b1313e08c02d86f2f') in 0.016322 seconds 
  Import took 0.023717 seconds .

========================================================================
Received Import Request.
  Time since last request: 0.000621 seconds.
  path: Packages/com.unity.render-pipelines.core/Runtime/Debugging/Prefabs/Widgets/DebugUI Panel.prefab
  artifactKey: Guid(daa46a58178a6ad41ae1ddc2dc7f856d) Importer(815301076,1909f56bfc062723c751e8b465ee728b)
Start importing Packages/com.unity.render-pipelines.core/Runtime/Debugging/Prefabs/Widgets/DebugUI Panel.prefab using Guid(daa46a58178a6ad41ae1ddc2dc7f856d) Importer(815301076,1909f56bfc062723c751e8b465ee728b)  -> (artifact id: 'e91be2f6fd312537f12f6a1b771a1def') in 0.012816 seconds 
  Import took 0.020759 seconds .

========================================================================
Received Import Request.
  Time since last request: 0.000259 seconds.
  path: Packages/com.unity.render-pipelines.core/Runtime/Debugging/Prefabs/Widgets/DebugUI UIntField.prefab
  artifactKey: Guid(f22bcc84a5f4a1944b075a2c4ac71493) Importer(815301076,1909f56bfc062723c751e8b465ee728b)
Start importing Packages/com.unity.render-pipelines.core/Runtime/Debugging/Prefabs/Widgets/DebugUI UIntField.prefab using Guid(f22bcc84a5f4a1944b075a2c4ac71493) Importer(815301076,1909f56bfc062723c751e8b465ee728b)  -> (artifact id: '38727dc846f01d11ea20b51fbe5db287') in 0.008601 seconds 
  Import took 0.017620 seconds .

========================================================================
Received Import Request.
  Time since last request: 0.000494 seconds.
  path: Packages/com.unity.render-pipelines.core/Runtime/Debugging/Prefabs/Widgets/DebugUI Button.prefab
  artifactKey: Guid(f6ce33b91f6ffe54cadacbf4bb112440) Importer(815301076,1909f56bfc062723c751e8b465ee728b)
Start importing Packages/com.unity.render-pipelines.core/Runtime/Debugging/Prefabs/Widgets/DebugUI Button.prefab using Guid(f6ce33b91f6ffe54cadacbf4bb112440) Importer(815301076,1909f56bfc062723c751e8b465ee728b)  -> (artifact id: 'd1d241e3b7d62db102fa971b92bdf34b') in 0.009446 seconds 
  Import took 0.018229 seconds .

========================================================================
Received Import Request.
  Time since last request: 0.000256 seconds.
  path: Packages/com.unity.render-pipelines.core/Runtime/Debugging/Prefabs/Widgets/DebugUI EnumField.prefab
  artifactKey: Guid(988db55689193434fb0b3b89538f978f) Importer(815301076,1909f56bfc062723c751e8b465ee728b)
Start importing Packages/com.unity.render-pipelines.core/Runtime/Debugging/Prefabs/Widgets/DebugUI EnumField.prefab using Guid(988db55689193434fb0b3b89538f978f) Importer(815301076,1909f56bfc062723c751e8b465ee728b)  -> (artifact id: 'c6141f75a49cda9bfd34103424ea80ab') in 0.008895 seconds 
  Import took 0.015306 seconds .

========================================================================
Received Import Request.
  Time since last request: 0.000454 seconds.
  path: Packages/com.unity.render-pipelines.core/Runtime/Debugging/Prefabs/Widgets/DebugUI BitField.prefab
  artifactKey: Guid(7c78b588b2e1f7c4a86ca4a985cf6e4a) Importer(815301076,1909f56bfc062723c751e8b465ee728b)
Start importing Packages/com.unity.render-pipelines.core/Runtime/Debugging/Prefabs/Widgets/DebugUI BitField.prefab using Guid(7c78b588b2e1f7c4a86ca4a985cf6e4a) Importer(815301076,1909f56bfc062723c751e8b465ee728b)  -> (artifact id: '8fde926a9ecb54898747858bc575decc') in 0.022207 seconds 
  Import took 0.029844 seconds .

========================================================================
Received Import Request.
  Time since last request: 0.000243 seconds.
  path: Packages/com.unity.render-pipelines.core/Runtime/Debugging/Prefabs/Widgets/DebugUI Vector2.prefab
  artifactKey: Guid(326f7c58aed965d41bf7805a782d1e44) Importer(815301076,1909f56bfc062723c751e8b465ee728b)
Start importing Packages/com.unity.render-pipelines.core/Runtime/Debugging/Prefabs/Widgets/DebugUI Vector2.prefab using Guid(326f7c58aed965d41bf7805a782d1e44) Importer(815301076,1909f56bfc062723c751e8b465ee728b)  -> (artifact id: 'e298767e6715b6335e307422eb569820') in 0.011208 seconds 
  Import took 0.018244 seconds .

========================================================================
Received Import Request.
  Time since last request: 0.000343 seconds.
  path: Packages/com.unity.render-pipelines.core/Runtime/Debugging/Prefabs/Widgets/DebugUI Toggle.prefab
  artifactKey: Guid(ce347ad101f41ee4ab5c3fbc0ea447db) Importer(815301076,1909f56bfc062723c751e8b465ee728b)
Start importing Packages/com.unity.render-pipelines.core/Runtime/Debugging/Prefabs/Widgets/DebugUI Toggle.prefab using Guid(ce347ad101f41ee4ab5c3fbc0ea447db) Importer(815301076,1909f56bfc062723c751e8b465ee728b)  -> (artifact id: 'ed5d2b95e00a11ab2e34c42e5e605622') in 0.009978 seconds 
  Import took 0.016411 seconds .

========================================================================
Received Import Request.
  Time since last request: 0.000247 seconds.
  path: Packages/com.unity.render-pipelines.core/Runtime/Debugging/Prefabs/Resources/DebugUI Persistent Canvas.prefab
  artifactKey: Guid(f6b1a0fe75d5009449cf55ae76220e2b) Importer(815301076,1909f56bfc062723c751e8b465ee728b)
Start importing Packages/com.unity.render-pipelines.core/Runtime/Debugging/Prefabs/Resources/DebugUI Persistent Canvas.prefab using Guid(f6b1a0fe75d5009449cf55ae76220e2b) Importer(815301076,1909f56bfc062723c751e8b465ee728b)  -> (artifact id: '508e0a2b388733ec2adfe77d141c5a26') in 0.012094 seconds 
  Import took 0.020468 seconds .

========================================================================
Received Import Request.
  Time since last request: 0.000617 seconds.
  path: Packages/com.unity.render-pipelines.core/Runtime/Debugging/Prefabs/Widgets/DebugUI Vector3.prefab
  artifactKey: Guid(94afea5f242d72547979595ba963f335) Importer(815301076,1909f56bfc062723c751e8b465ee728b)
Start importing Packages/com.unity.render-pipelines.core/Runtime/Debugging/Prefabs/Widgets/DebugUI Vector3.prefab using Guid(94afea5f242d72547979595ba963f335) Importer(815301076,1909f56bfc062723c751e8b465ee728b)  -> (artifact id: '8d0b4c0a16aa9a5422e99907de1abd72') in 0.011011 seconds 
  Import took 0.018118 seconds .

========================================================================
Received Import Request.
  Time since last request: 0.000319 seconds.
  path: Assets/Import/DOROB/DOROB.prefab
  artifactKey: Guid(ad1b770d28dd0dc49a5dcb387e636181) Importer(815301076,1909f56bfc062723c751e8b465ee728b)
Start importing Assets/Import/DOROB/DOROB.prefab using Guid(ad1b770d28dd0dc49a5dcb387e636181) Importer(815301076,1909f56bfc062723c751e8b465ee728b)  -> (artifact id: '17b2186a0ebd2aac71496eae8be4f639') in 0.014918 seconds 
  Import took 0.021530 seconds .

========================================================================
Received Import Request.
  Time since last request: 0.000260 seconds.
  path: Packages/com.unity.render-pipelines.core/Runtime/Debugging/Prefabs/Widgets/DebugUI HBox.prefab
  artifactKey: Guid(f7f5e36797cf0c1408561665c67b179b) Importer(815301076,1909f56bfc062723c751e8b465ee728b)
Start importing Packages/com.unity.render-pipelines.core/Runtime/Debugging/Prefabs/Widgets/DebugUI HBox.prefab using Guid(f7f5e36797cf0c1408561665c67b179b) Importer(815301076,1909f56bfc062723c751e8b465ee728b)  -> (artifact id: 'e6a4728a7be3df021a80b0d0c152a9f9') in 0.006658 seconds 
  Import took 0.012963 seconds .

========================================================================
Received Import Request.
  Time since last request: 0.000259 seconds.
  path: Packages/com.unity.render-pipelines.core/Runtime/Debugging/Prefabs/Widgets/DebugUI Color.prefab
  artifactKey: Guid(77c185820dd1a464eac89cae3abccddf) Importer(815301076,1909f56bfc062723c751e8b465ee728b)
Start importing Packages/com.unity.render-pipelines.core/Runtime/Debugging/Prefabs/Widgets/DebugUI Color.prefab using Guid(77c185820dd1a464eac89cae3abccddf) Importer(815301076,1909f56bfc062723c751e8b465ee728b)  -> (artifact id: 'fd139e2f508700dcc760cd7e587f3f39') in 0.011366 seconds 
  Import took 0.018253 seconds .

========================================================================
Received Import Request.
  Time since last request: 0.000188 seconds.
  path: Packages/com.unity.render-pipelines.core/Runtime/Debugging/Prefabs/Widgets/DebugUI Value.prefab
  artifactKey: Guid(dc0f88987826e6e48b1fe9c7c2b53a53) Importer(815301076,1909f56bfc062723c751e8b465ee728b)
Start importing Packages/com.unity.render-pipelines.core/Runtime/Debugging/Prefabs/Widgets/DebugUI Value.prefab using Guid(dc0f88987826e6e48b1fe9c7c2b53a53) Importer(815301076,1909f56bfc062723c751e8b465ee728b)  -> (artifact id: '29bdb0a5417f206e20f2fef0d27b49b4') in 0.007437 seconds 
  Import took 0.015599 seconds .

========================================================================
Received Import Request.
  Time since last request: 0.000273 seconds.
  path: Assets/Import/Diorama/materials/lambert1_31.mat
  artifactKey: Guid(6d7c3bbf047dcbf47acc617904051e18) Importer(815301076,1909f56bfc062723c751e8b465ee728b)
Start importing Assets/Import/Diorama/materials/lambert1_31.mat using Guid(6d7c3bbf047dcbf47acc617904051e18) Importer(815301076,1909f56bfc062723c751e8b465ee728b)  -> (artifact id: '993e0aafe8b911ab72f548285bc9640b') in 0.014172 seconds 
  Import took 0.022105 seconds .

========================================================================
Received Import Request.
  Time since last request: 0.000377 seconds.
  path: Assets/Import/ceiling_lamp/materials/material_2_2.mat
  artifactKey: Guid(5a382fb80ad1a3d43b99184ce4044312) Importer(815301076,1909f56bfc062723c751e8b465ee728b)
Start importing Assets/Import/ceiling_lamp/materials/material_2_2.mat using Guid(5a382fb80ad1a3d43b99184ce4044312) Importer(815301076,1909f56bfc062723c751e8b465ee728b)  -> (artifact id: 'e3e734713034b3e7b45d47c4225f2c17') in 0.013440 seconds 
  Import took 0.019771 seconds .

========================================================================
Received Import Request.
  Time since last request: 0.000215 seconds.
  path: Assets/Import/Diorama/materials/Pump_01_sh_10.mat
  artifactKey: Guid(f2750a51812e7694fab7726543e2c774) Importer(815301076,1909f56bfc062723c751e8b465ee728b)
Start importing Assets/Import/Diorama/materials/Pump_01_sh_10.mat using Guid(f2750a51812e7694fab7726543e2c774) Importer(815301076,1909f56bfc062723c751e8b465ee728b)  -> (artifact id: '0b5a4afe627234e2fc0ba4b1adcef130') in 0.015037 seconds 
  Import took 0.024556 seconds .

========================================================================
Received Import Request.
  Time since last request: 0.000257 seconds.
  path: Packages/com.unity.render-pipelines.core/Runtime/Debugging/Prefabs/Widgets/DebugUI IntField.prefab
  artifactKey: Guid(ae00bb75e0cd5b04b8fe7fb4ab662629) Importer(815301076,1909f56bfc062723c751e8b465ee728b)
Start importing Packages/com.unity.render-pipelines.core/Runtime/Debugging/Prefabs/Widgets/DebugUI IntField.prefab using Guid(ae00bb75e0cd5b04b8fe7fb4ab662629) Importer(815301076,1909f56bfc062723c751e8b465ee728b)  -> (artifact id: '6c6761151f0f98e117346f1988cb07e9') in 0.008903 seconds 
  Import took 0.015919 seconds .

========================================================================
Received Import Request.
  Time since last request: 0.000295 seconds.
  path: Assets/Import/Diorama/materials/ToolUnique_01_sh_13.mat
  artifactKey: Guid(b6b812fab69a29a49b5f837caec08a37) Importer(815301076,1909f56bfc062723c751e8b465ee728b)
Start importing Assets/Import/Diorama/materials/ToolUnique_01_sh_13.mat using Guid(b6b812fab69a29a49b5f837caec08a37) Importer(815301076,1909f56bfc062723c751e8b465ee728b)  -> (artifact id: '236ea27411a95d3b45ffb33ee16d8bd7') in 0.013764 seconds 
  Import took 0.020348 seconds .

========================================================================
Received Import Request.
  Time since last request: 0.000227 seconds.
  path: Packages/com.unity.render-pipelines.core/Runtime/Debugging/Prefabs/Widgets/DebugUI Vector4.prefab
  artifactKey: Guid(d47f009476100f545971a81ede14c750) Importer(815301076,1909f56bfc062723c751e8b465ee728b)
Start importing Packages/com.unity.render-pipelines.core/Runtime/Debugging/Prefabs/Widgets/DebugUI Vector4.prefab using Guid(d47f009476100f545971a81ede14c750) Importer(815301076,1909f56bfc062723c751e8b465ee728b)  -> (artifact id: '990b519c516f3c48aa92a1c67bee54c6') in 0.012288 seconds 
  Import took 0.020338 seconds .

========================================================================
Received Import Request.
  Time since last request: 0.000221 seconds.
  path: Assets/Import/Diorama/materials/woodenFloor_01_sh_26.mat
  artifactKey: Guid(e47c59c563d8bcf4caa452ecdba7a733) Importer(815301076,1909f56bfc062723c751e8b465ee728b)
Start importing Assets/Import/Diorama/materials/woodenFloor_01_sh_26.mat using Guid(e47c59c563d8bcf4caa452ecdba7a733) Importer(815301076,1909f56bfc062723c751e8b465ee728b)  -> (artifact id: 'dcb211e1f88f21886518b7ca492d869d') in 0.012595 seconds 
  Import took 0.020561 seconds .

========================================================================
Received Import Request.
  Time since last request: 0.000535 seconds.
  path: Assets/Import/Diorama/materials/woodEnd_01_sh_1.mat
  artifactKey: Guid(0a9aefff5fef3f946a11f98dc2174404) Importer(815301076,1909f56bfc062723c751e8b465ee728b)
Start importing Assets/Import/Diorama/materials/woodEnd_01_sh_1.mat using Guid(0a9aefff5fef3f946a11f98dc2174404) Importer(815301076,1909f56bfc062723c751e8b465ee728b)  -> (artifact id: '23928e1dd39af603654fd2f5c5286933') in 0.016340 seconds 
  Import took 0.022327 seconds .

========================================================================
Received Import Request.
  Time since last request: 0.000187 seconds.
  path: Assets/Sketchfab For Unity/Dependencies/Resources/OpenSans-Light.ttf
  artifactKey: Guid(d0c1e17b8ba97c842b0b830abcbbaa34) Importer(815301076,1909f56bfc062723c751e8b465ee728b)
Start importing Assets/Sketchfab For Unity/Dependencies/Resources/OpenSans-Light.ttf using Guid(d0c1e17b8ba97c842b0b830abcbbaa34) Importer(815301076,1909f56bfc062723c751e8b465ee728b)  -> (artifact id: '449816b94309f4e16fc57df44efdb626') in 0.017083 seconds 
  Import took 0.024909 seconds .

========================================================================
Received Import Request.
  Time since last request: 0.000386 seconds.
  path: Packages/com.unity.render-pipelines.core/Runtime/Debugging/Prefabs/Widgets/DebugUI FloatField.prefab
  artifactKey: Guid(7d4fd3415ea7dd64bbcfe13fb48a730b) Importer(815301076,1909f56bfc062723c751e8b465ee728b)
Start importing Packages/com.unity.render-pipelines.core/Runtime/Debugging/Prefabs/Widgets/DebugUI FloatField.prefab using Guid(7d4fd3415ea7dd64bbcfe13fb48a730b) Importer(815301076,1909f56bfc062723c751e8b465ee728b)  -> (artifact id: '69a9e0ffd2dff425993fa463b2c3fdb2') in 0.007542 seconds 
  Import took 0.014653 seconds .

========================================================================
Received Import Request.
  Time since last request: 0.000251 seconds.
  path: Assets/Import/Diorama/materials/plantMix_01_sh_5.mat
  artifactKey: Guid(071dba8021bafc54390065b216b12619) Importer(815301076,1909f56bfc062723c751e8b465ee728b)
Start importing Assets/Import/Diorama/materials/plantMix_01_sh_5.mat using Guid(071dba8021bafc54390065b216b12619) Importer(815301076,1909f56bfc062723c751e8b465ee728b)  -> (artifact id: 'f08f0fd28dda034be2470178a7c544b7') in 0.015193 seconds 
  Import took 0.023500 seconds .

========================================================================
Received Import Request.
  Time since last request: 0.000194 seconds.
  path: Assets/Sketchfab For Unity/Dependencies/Resources/TitilliumWeb-Black.ttf
  artifactKey: Guid(5c64e4ab5706b264a8fc4bd300391c17) Importer(815301076,1909f56bfc062723c751e8b465ee728b)
Start importing Assets/Sketchfab For Unity/Dependencies/Resources/TitilliumWeb-Black.ttf using Guid(5c64e4ab5706b264a8fc4bd300391c17) Importer(815301076,1909f56bfc062723c751e8b465ee728b)  -> (artifact id: '4ca320d164ce2c705894ce6a518b1c9a') in 0.015480 seconds 
  Import took 0.021070 seconds .

========================================================================
Received Import Request.
  Time since last request: 0.000198 seconds.
  path: Assets/Import/ceiling_lamp/ceiling_lamp.prefab
  artifactKey: Guid(38f876a554ec0584c9d2d810c3146256) Importer(815301076,1909f56bfc062723c751e8b465ee728b)
Start importing Assets/Import/ceiling_lamp/ceiling_lamp.prefab using Guid(38f876a554ec0584c9d2d810c3146256) Importer(815301076,1909f56bfc062723c751e8b465ee728b)  -> (artifact id: '266528988b70ad1e53c1fc7d0b5e224c') in 0.018739 seconds 
  Import took 0.025464 seconds .

========================================================================
Received Import Request.
  Time since last request: 0.000317 seconds.
  path: Packages/com.unity.render-pipelines.core/Runtime/Debugging/Prefabs/Widgets/DebugUI VBox.prefab
  artifactKey: Guid(ca3e294656861a64b8aeeb9f916da0a9) Importer(815301076,1909f56bfc062723c751e8b465ee728b)
Start importing Packages/com.unity.render-pipelines.core/Runtime/Debugging/Prefabs/Widgets/DebugUI VBox.prefab using Guid(ca3e294656861a64b8aeeb9f916da0a9) Importer(815301076,1909f56bfc062723c751e8b465ee728b)  -> (artifact id: '7b04efbf4738012637254d3560d94010') in 0.008385 seconds 
  Import took 0.015552 seconds .

========================================================================
Received Import Request.
  Time since last request: 0.000233 seconds.
  path: Assets/Sketchfab For Unity/Dependencies/Resources/TitilliumWeb-Bold.ttf
  artifactKey: Guid(e095d0517cc773a4b8ca6410bb7099f1) Importer(815301076,1909f56bfc062723c751e8b465ee728b)
Start importing Assets/Sketchfab For Unity/Dependencies/Resources/TitilliumWeb-Bold.ttf using Guid(e095d0517cc773a4b8ca6410bb7099f1) Importer(815301076,1909f56bfc062723c751e8b465ee728b)  -> (artifact id: '65f24f87d1b225aca502dee0233ec243') in 0.015136 seconds 
  Import took 0.022599 seconds .

========================================================================
Received Import Request.
  Time since last request: 0.000202 seconds.
  path: Packages/com.unity.searcher/Editor/Resources/FlatSkin/Font/Roboto-Medium.ttf
  artifactKey: Guid(a51a3aebb43ac044989270407476b208) Importer(815301076,1909f56bfc062723c751e8b465ee728b)
Start importing Packages/com.unity.searcher/Editor/Resources/FlatSkin/Font/Roboto-Medium.ttf using Guid(a51a3aebb43ac044989270407476b208) Importer(815301076,1909f56bfc062723c751e8b465ee728b)  -> (artifact id: '306af4a6553c7987fe2e6b4f8bcf8a46') in 0.016127 seconds 
  Import took 0.021175 seconds .

========================================================================
Received Import Request.
  Time since last request: 0.000218 seconds.
  path: Assets/Import/Diorama/materials/TreeBase_01_sh_2.mat
  artifactKey: Guid(c7d1d4d281e35af48b51e82a7c327248) Importer(815301076,1909f56bfc062723c751e8b465ee728b)
Start importing Assets/Import/Diorama/materials/TreeBase_01_sh_2.mat using Guid(c7d1d4d281e35af48b51e82a7c327248) Importer(815301076,1909f56bfc062723c751e8b465ee728b)  -> (artifact id: 'c0c4898aac415b82a605170519d56310') in 0.012548 seconds 
  Import took 0.018184 seconds .

========================================================================
Received Import Request.
  Time since last request: 0.000280 seconds.
  path: Packages/com.unity.searcher/Editor/Resources/FlatSkin/Font/Roboto-Light.ttf
  artifactKey: Guid(2a29e27936eb547458f646f71125b264) Importer(815301076,1909f56bfc062723c751e8b465ee728b)
Start importing Packages/com.unity.searcher/Editor/Resources/FlatSkin/Font/Roboto-Light.ttf using Guid(2a29e27936eb547458f646f71125b264) Importer(815301076,1909f56bfc062723c751e8b465ee728b)  -> (artifact id: 'ec17ac49e686b6403fba7db43313bc11') in 0.017152 seconds 
  Import took 0.024253 seconds .

========================================================================
Received Import Request.
  Time since last request: 0.000242 seconds.
  path: Packages/com.unity.searcher/Editor/Resources/FlatSkin/Font/Roboto-BoldItalic.ttf
  artifactKey: Guid(dfb97a9307a577a41bcacba34b9a7e32) Importer(815301076,1909f56bfc062723c751e8b465ee728b)
Start importing Packages/com.unity.searcher/Editor/Resources/FlatSkin/Font/Roboto-BoldItalic.ttf using Guid(dfb97a9307a577a41bcacba34b9a7e32) Importer(815301076,1909f56bfc062723c751e8b465ee728b)  -> (artifact id: '81bf1bfb61ac7f4d6a7e4eb4798b4b65') in 0.020380 seconds 
  Import took 0.026710 seconds .

========================================================================
Received Import Request.
  Time since last request: 0.000385 seconds.
  path: Packages/com.unity.searcher/Editor/Resources/FlatSkin/Font/Roboto-LightItalic.ttf
  artifactKey: Guid(5e63515167650a541b309ba3bfd4db3d) Importer(815301076,1909f56bfc062723c751e8b465ee728b)
Start importing Packages/com.unity.searcher/Editor/Resources/FlatSkin/Font/Roboto-LightItalic.ttf using Guid(5e63515167650a541b309ba3bfd4db3d) Importer(815301076,1909f56bfc062723c751e8b465ee728b)  -> (artifact id: '58a531e62da555d3bd7a437e2a69f156') in 0.018397 seconds 
  Import took 0.024165 seconds .

========================================================================
Received Prepare
Refreshing native plugins compatible for Editor in 10.61 ms, found 9 plugins.
Preloading 5 native plugins for Editor in 0.26 ms.
Unloading 35 Unused Serialized files (Serialized files now loaded: 0)
System memory in use before: 74.1 MB.
System memory in use after: 74.3 MB.

Unloading 37 unused Assets to reduce memory usage. Loaded Objects now: 3362.
Total: 4.049000 ms (FindLiveObjects: 0.312500 ms CreateObjectMapping: 0.155400 ms MarkObjects: 3.513600 ms  DeleteObjects: 0.066400 ms)

AssetImportParameters requested are different than current active one (requested -> active):
  custom:framework-win-MediaFoundation: 216162199b28c13a410421893ffa2e32 -> 
  custom:video-decoder-ogg-theora: a1e56fd34408186e4bbccfd4996cb3dc -> 
  custom:container-muxer-webm: aa71ff27fc2769a1b78a27578f13a17b -> 
  custom:container-demuxer-webm: 4f35f7cbe854078d1ac9338744f61a02 -> 
  custom:container-demuxer-ogg: 62fdf1f143b41e24485cea50d1cbac27 -> 
  custom:video-encoder-webm-vp8: eb34c28f22e8b96e1ab97ce403110664 -> 
  custom:video-codec-MediaFoundation-h265: 746d11721c4dcdbdad8f713fa42b33f4 -> 
  custom:video-decoder-webm-vp8: 9c59270c3fd7afecdb556c50c9e8de78 -> 
  custom:audio-decoder-ogg-vorbis: bf7c407c2cedff20999df2af8eb42d56 -> 
  custom:audio-encoder-webm-vorbis: bf7c407c2cedff20999df2af8eb42d56 -> 
========================================================================
Received Prepare
Switching render pipeline 00000000000000000000000000000000 -> 8e0f1dd80e65eb2488c91d5c7e562baf
Refreshing native plugins compatible for Editor in 9.72 ms, found 9 plugins.
Preloading 5 native plugins for Editor in 0.24 ms.
Unloading 83 Unused Serialized files (Serialized files now loaded: 0)
System memory in use before: 78.6 MB.
System memory in use after: 78.8 MB.

Unloading 35 unused Assets to reduce memory usage. Loaded Objects now: 3410.
Total: 3.018400 ms (FindLiveObjects: 0.272700 ms CreateObjectMapping: 0.141200 ms MarkObjects: 2.587400 ms  DeleteObjects: 0.016400 ms)

AssetImportParameters requested are different than current active one (requested -> active):
  colorSpace: 1 -> 0
  custom:framework-win-MediaFoundation: 216162199b28c13a410421893ffa2e32 -> 
  custom:video-decoder-ogg-theora: a1e56fd34408186e4bbccfd4996cb3dc -> 
  custom:container-muxer-webm: aa71ff27fc2769a1b78a27578f13a17b -> 
  custom:container-demuxer-webm: 4f35f7cbe854078d1ac9338744f61a02 -> 
  custom:container-demuxer-ogg: 62fdf1f143b41e24485cea50d1cbac27 -> 
  custom:video-encoder-webm-vp8: eb34c28f22e8b96e1ab97ce403110664 -> 
  custom:video-codec-MediaFoundation-h265: 746d11721c4dcdbdad8f713fa42b33f4 -> 
  custom:video-decoder-webm-vp8: 9c59270c3fd7afecdb556c50c9e8de78 -> 
  custom:audio-decoder-ogg-vorbis: bf7c407c2cedff20999df2af8eb42d56 -> 
  custom:audio-encoder-webm-vorbis: bf7c407c2cedff20999df2af8eb42d56 -> 
========================================================================
Received Prepare
Refreshing native plugins compatible for Editor in 9.64 ms, found 9 plugins.
Preloading 5 native plugins for Editor in 0.25 ms.
Unloading 35 Unused Serialized files (Serialized files now loaded: 0)
System memory in use before: 75.6 MB.
System memory in use after: 75.8 MB.

Unloading 35 unused Assets to reduce memory usage. Loaded Objects now: 3410.
Total: 4.659000 ms (FindLiveObjects: 0.428500 ms CreateObjectMapping: 0.175700 ms MarkObjects: 4.029700 ms  DeleteObjects: 0.024100 ms)

AssetImportParameters requested are different than current active one (requested -> active):
  custom:framework-win-MediaFoundation: 216162199b28c13a410421893ffa2e32 -> 
  custom:video-decoder-ogg-theora: a1e56fd34408186e4bbccfd4996cb3dc -> 
  custom:container-muxer-webm: aa71ff27fc2769a1b78a27578f13a17b -> 
  custom:container-demuxer-webm: 4f35f7cbe854078d1ac9338744f61a02 -> 
  custom:container-demuxer-ogg: 62fdf1f143b41e24485cea50d1cbac27 -> 
  custom:video-encoder-webm-vp8: eb34c28f22e8b96e1ab97ce403110664 -> 
  custom:video-codec-MediaFoundation-h265: 746d11721c4dcdbdad8f713fa42b33f4 -> 
  custom:video-decoder-webm-vp8: 9c59270c3fd7afecdb556c50c9e8de78 -> 
  custom:audio-decoder-ogg-vorbis: bf7c407c2cedff20999df2af8eb42d56 -> 
  custom:audio-encoder-webm-vorbis: bf7c407c2cedff20999df2af8eb42d56 -> 
AssetImportWorkerClient::OnTransportError - code=2 error=End of file
